Build started 17/01/2015 14:28:57.
     1>Project "\\bournemouth.ac.uk\data\Student\Home\DEC\i7252604\Desktop\SDL\SDL\SDL.vcxproj" on node 2 (Build target(s)).
     1>ClCompile:
         C:\Program Files (x86)\Microsoft Visual Studio 12.0\VC\bin\CL.exe /c /I"C:\SDKs\SDL\SDL2-devel-2.0.3-VC\SDL2-2.0.3\include" /ZI /nologo /W3 /WX- /sdl /Od /Oy- /D WIN32 /D _DEBUG /D _CONSOLE /D _LIB /D _UNICODE /D UNICODE /Gm /EHsc /RTC1 /MDd /GS /fp:precise /Zc:wchar_t /Zc:forScope /Fo"Debug\\" /Fd"Debug\vc120.pdb" /Gd /TP /analyze- /errorReport:prompt Main.cpp
         Main.cpp
       Link:
         C:\Program Files (x86)\Microsoft Visual Studio 12.0\VC\bin\link.exe /ERRORREPORT:PROMPT /OUT:"\\bournemouth.ac.uk\data\Student\Home\DEC\i7252604\Desktop\SDL\Debug\SDL.exe" /INCREMENTAL /NOLOGO /LIBPATH:"C:\SDKs\SDL\SDL2-devel-2.0.3-VC\SDL2-2.0.3\lib\x86" SDL2.lib SDL2main.lib kernel32.lib user32.lib gdi32.lib winspool.lib comdlg32.lib advapi32.lib shell32.lib ole32.lib oleaut32.lib uuid.lib odbc32.lib odbccp32.lib /MANIFEST /MANIFESTUAC:"level='asInvoker' uiAccess='false'" /manifest:embed /DEBUG /PDB:"\\bournemouth.ac.uk\data\Student\Home\DEC\i7252604\Desktop\SDL\Debug\SDL.pdb" /SUBSYSTEM:CONSOLE /TLBID:1 /DYNAMICBASE /NXCOMPAT /IMPLIB:"\\bournemouth.ac.uk\data\Student\Home\DEC\i7252604\Desktop\SDL\Debug\SDL.lib" /MACHINE:X86 Debug\Bishop.obj
         Debug\Bullet.obj
         Debug\Flock.obj
         Debug\Input.obj
         Debug\Knight.obj
         Debug\Main.obj
         Debug\Pawn.obj
         Debug\Player.obj
         Debug\Rook.obj
         Debug\Ship.obj
         Debug\Sprite.obj
         Debug\Vec2.obj
         SDL.vcxproj -> \\bournemouth.ac.uk\data\Student\Home\DEC\i7252604\Desktop\SDL\Debug\SDL.exe
     1>Done Building Project "\\bournemouth.ac.uk\data\Student\Home\DEC\i7252604\Desktop\SDL\SDL\SDL.vcxproj" (Build target(s)).

Build succeeded.

Time Elapsed 00:00:02.76
